<?xml version="1.0" encoding="UTF-8"?>
<!-- Generated by org.testng.reporters.JUnitReportReporter -->
<testsuite skipped="0" hostname="Asmin-PC" name="script.LMSILS46752" tests="1" failures="0" timestamp="17 Jan 2024 14:28:08 GMT" time="30.695" errors="0">
  <testcase name="LMSILS46752test" time="30.695" classname="script.LMSILS46752"/>
</testsuite> <!-- script.LMSILS46752 -->
