<?xml version="1.0" encoding="UTF-8"?>
<!-- Generated by org.testng.reporters.JUnitReportReporter -->
<testsuite skipped="0" hostname="Asmin-PC" name="script.Dboard927747" tests="1" failures="0" timestamp="14 Jan 2024 09:52:49 GMT" time="24.284" errors="0">
  <testcase name="testDboard927747" time="24.284" classname="script.Dboard927747"/>
</testsuite> <!-- script.Dboard927747 -->
