<?xml version="1.0" encoding="UTF-8"?>
<!-- Generated by org.testng.reporters.JUnitReportReporter -->
<testsuite skipped="0" hostname="Asmin-PC" name="script.ValidLogin" tests="1" failures="0" timestamp="12 Jan 2024 15:13:43 GMT" time="13.581" errors="0">
  <testcase name="testValidLogin" time="13.581" classname="script.ValidLogin"/>
</testsuite> <!-- script.ValidLogin -->
