<?xml version="1.0" encoding="UTF-8"?>
<!-- Generated by org.testng.reporters.JUnitReportReporter -->
<testsuite skipped="0" hostname="Asmin-PC" name="script.LMSILS44824" tests="1" failures="0" timestamp="17 Jan 2024 14:28:08 GMT" time="83.801" errors="0">
  <testcase name="LMSILS46752test" time="83.801" classname="script.LMSILS44824"/>
</testsuite> <!-- script.LMSILS44824 -->
